<?xml version="1.0" encoding="UTF-8"?>
<!-- Generated by org.testng.reporters.JUnitReportReporter -->
<testsuite hostname="ankit-PC" name="org.selenium.home.NewTest" tests="1" failures="0" timestamp="28 Sep 2014 02:44:00 GMT" time="0.014" errors="0">
  <testcase name="f" time="0.014" classname="org.selenium.home.NewTest"/>
</testsuite> <!-- org.selenium.home.NewTest -->
