<?xml version="1.0" encoding="UTF-8"?>
<!-- Generated by org.testng.reporters.JUnitReportReporter -->
<testsuite hostname="ankit-PC" name="seleniumHome.AppTest" tests="1" failures="0" timestamp="28 Sep 2014 02:44:00 GMT" time="0.003" errors="0">
  <testcase name="testApp" time="0.003" classname="seleniumHome.AppTest"/>
</testsuite> <!-- seleniumHome.AppTest -->
