<?xml version="1.0" encoding="UTF-8"?>
<!-- Generated by org.testng.reporters.JUnitReportReporter -->
<testsuite hostname="ankit-PC" name="org.selenium.home.TestHome" tests="1" failures="0" timestamp="28 Sep 2014 02:46:11 GMT" time="0.012" errors="0">
  <testcase name="HomeCall" time="0.012" classname="org.selenium.home.TestHome"/>
</testsuite> <!-- org.selenium.home.TestHome -->
